This is pdfTeX, Version 3.14159265-2.6-1.40.18 (TeX Live 2017) (preloaded format=pdflatex 2018.3.12)  28 MAR 2019 14:39
entering extended mode
 restricted \write18 enabled.
 %&-line parsing enabled.
**projectpaper.tex
(./projectpaper.tex
LaTeX2e <2017-04-15>
Babel <3.10> and hyphenation patterns for 84 language(s) loaded.
(/usr/local/texlive/2017/texmf-dist/tex/latex/base/article.cls
Document Class: article 2014/09/29 v1.4h Standard LaTeX document class
(/usr/local/texlive/2017/texmf-dist/tex/latex/base/size12.clo
File: size12.clo 2014/09/29 v1.4h Standard LaTeX file (size option)
)
\c@part=\count79
\c@section=\count80
\c@subsection=\count81
\c@subsubsection=\count82
\c@paragraph=\count83
\c@subparagraph=\count84
\c@figure=\count85
\c@table=\count86
\abovecaptionskip=\skip41
\belowcaptionskip=\skip42
\bibindent=\dimen102
)
(/usr/local/texlive/2017/texmf-dist/tex/latex/psnfss/times.sty
Package: times 2005/04/12 PSNFSS-v9.2a (SPQR) 
)
(./durhampaper.sty
Durham CS undergraduate paper style 'durhampaper.sty'.
) (/usr/local/texlive/2017/texmf-dist/tex/latex/harvard/harvard.sty
Package: harvard 

(/usr/local/texlive/2017/texmf-dist/tex/latex/base/ifthen.sty
Package: ifthen 2014/09/29 v1.1c Standard LaTeX ifthen package (DPC)
))
(/usr/local/texlive/2017/texmf-dist/tex/latex/graphics/graphicx.sty
Package: graphicx 2014/10/28 v1.0g Enhanced LaTeX Graphics (DPC,SPQR)

(/usr/local/texlive/2017/texmf-dist/tex/latex/graphics/keyval.sty
Package: keyval 2014/10/28 v1.15 key=value parser (DPC)
\KV@toks@=\toks14
)
(/usr/local/texlive/2017/texmf-dist/tex/latex/graphics/graphics.sty
Package: graphics 2017/04/14 v1.1b Standard LaTeX Graphics (DPC,SPQR)

(/usr/local/texlive/2017/texmf-dist/tex/latex/graphics/trig.sty
Package: trig 2016/01/03 v1.10 sin cos tan (DPC)
)
(/usr/local/texlive/2017/texmf-dist/tex/latex/graphics-cfg/graphics.cfg
File: graphics.cfg 2016/06/04 v1.11 sample graphics configuration
)
Package graphics Info: Driver file: pdftex.def on input line 99.

(/usr/local/texlive/2017/texmf-dist/tex/latex/graphics-def/pdftex.def
File: pdftex.def 2017/01/12 v0.06k Graphics/color for pdfTeX

(/usr/local/texlive/2017/texmf-dist/tex/generic/oberdiek/infwarerr.sty
Package: infwarerr 2016/05/16 v1.4 Providing info/warning/error messages (HO)
)
(/usr/local/texlive/2017/texmf-dist/tex/generic/oberdiek/ltxcmds.sty
Package: ltxcmds 2016/05/16 v1.23 LaTeX kernel commands for general use (HO)
)
\Gread@gobject=\count87
))
\Gin@req@height=\dimen103
\Gin@req@width=\dimen104
)
(/usr/local/texlive/2017/texmf-dist/tex/latex/wrapfig/wrapfig.sty
\wrapoverhang=\dimen105
\WF@size=\dimen106
\c@WF@wrappedlines=\count88
\WF@box=\box26
\WF@everypar=\toks15
Package: wrapfig 2003/01/31  v 3.6
)
(/usr/local/texlive/2017/texmf-dist/tex/latex/float/float.sty
Package: float 2001/11/08 v1.3d Float enhancements (AL)
\c@float@type=\count89
\float@exts=\toks16
\float@box=\box27
\@float@everytoks=\toks17
\@floatcapt=\box28
)
(/usr/local/texlive/2017/texmf-dist/tex/latex/tools/multicol.sty
Package: multicol 2017/04/11 v1.8q multicolumn formatting (FMi)
\c@tracingmulticols=\count90
\mult@box=\box29
\multicol@leftmargin=\dimen107
\c@unbalance=\count91
\c@collectmore=\count92
\doublecol@number=\count93
\multicoltolerance=\count94
\multicolpretolerance=\count95
\full@width=\dimen108
\page@free=\dimen109
\premulticols=\dimen110
\postmulticols=\dimen111
\multicolsep=\skip43
\multicolbaselineskip=\skip44
\partial@page=\box30
\last@line=\box31
\maxbalancingoverflow=\dimen112
\mult@rightbox=\box32
\mult@grightbox=\box33
\mult@gfirstbox=\box34
\mult@firstbox=\box35
\@tempa=\box36
\@tempa=\box37
\@tempa=\box38
\@tempa=\box39
\@tempa=\box40
\@tempa=\box41
\@tempa=\box42
\@tempa=\box43
\@tempa=\box44
\@tempa=\box45
\@tempa=\box46
\@tempa=\box47
\@tempa=\box48
\@tempa=\box49
\@tempa=\box50
\@tempa=\box51
\@tempa=\box52
\c@columnbadness=\count96
\c@finalcolumnbadness=\count97
\last@try=\dimen113
\multicolovershoot=\dimen114
\multicolundershoot=\dimen115
\mult@nat@firstbox=\box53
\colbreak@box=\box54
\mc@col@check@num=\count98
)
(./projectpaper.aux)
\openout1 = `projectpaper.aux'.

LaTeX Font Info:    Checking defaults for OML/cmm/m/it on input line 21.
LaTeX Font Info:    ... okay on input line 21.
LaTeX Font Info:    Checking defaults for T1/cmr/m/n on input line 21.
LaTeX Font Info:    ... okay on input line 21.
LaTeX Font Info:    Checking defaults for OT1/cmr/m/n on input line 21.
LaTeX Font Info:    ... okay on input line 21.
LaTeX Font Info:    Checking defaults for OMS/cmsy/m/n on input line 21.
LaTeX Font Info:    ... okay on input line 21.
LaTeX Font Info:    Checking defaults for OMX/cmex/m/n on input line 21.
LaTeX Font Info:    ... okay on input line 21.
LaTeX Font Info:    Checking defaults for U/cmr/m/n on input line 21.
LaTeX Font Info:    ... okay on input line 21.
LaTeX Font Info:    Try loading font information for OT1+ptm on input line 21.

(/usr/local/texlive/2017/texmf-dist/tex/latex/psnfss/ot1ptm.fd
File: ot1ptm.fd 2001/06/04 font definitions for OT1/ptm.
)
(/usr/local/texlive/2017/texmf-dist/tex/context/base/mkii/supp-pdf.mkii
[Loading MPS to PDF converter (version 2006.09.02).]
\scratchcounter=\count99
\scratchdimen=\dimen116
\scratchbox=\box55
\nofMPsegments=\count100
\nofMParguments=\count101
\everyMPshowfont=\toks18
\MPscratchCnt=\count102
\MPscratchDim=\dimen117
\MPnumerator=\count103
\makeMPintoPDFobject=\count104
\everyMPtoPDFconversion=\toks19
) (/usr/local/texlive/2017/texmf-dist/tex/generic/oberdiek/pdftexcmds.sty
Package: pdftexcmds 2017/03/19 v0.25 Utility functions of pdfTeX for LuaTeX (HO
)

(/usr/local/texlive/2017/texmf-dist/tex/generic/oberdiek/ifluatex.sty
Package: ifluatex 2016/05/16 v1.4 Provides the ifluatex switch (HO)
Package ifluatex Info: LuaTeX not detected.
)
(/usr/local/texlive/2017/texmf-dist/tex/generic/oberdiek/ifpdf.sty
Package: ifpdf 2017/03/15 v3.2 Provides the ifpdf switch
)
Package pdftexcmds Info: LuaTeX not detected.
Package pdftexcmds Info: \pdf@primitive is available.
Package pdftexcmds Info: \pdf@ifprimitive is available.
Package pdftexcmds Info: \pdfdraftmode found.
)
(/usr/local/texlive/2017/texmf-dist/tex/latex/oberdiek/epstopdf-base.sty
Package: epstopdf-base 2016/05/15 v2.6 Base part for package epstopdf

(/usr/local/texlive/2017/texmf-dist/tex/latex/oberdiek/grfext.sty
Package: grfext 2016/05/16 v1.2 Manage graphics extensions (HO)

(/usr/local/texlive/2017/texmf-dist/tex/generic/oberdiek/kvdefinekeys.sty
Package: kvdefinekeys 2016/05/16 v1.4 Define keys (HO)
))
(/usr/local/texlive/2017/texmf-dist/tex/latex/oberdiek/kvoptions.sty
Package: kvoptions 2016/05/16 v3.12 Key value format for package options (HO)

(/usr/local/texlive/2017/texmf-dist/tex/generic/oberdiek/kvsetkeys.sty
Package: kvsetkeys 2016/05/16 v1.17 Key value parser (HO)

(/usr/local/texlive/2017/texmf-dist/tex/generic/oberdiek/etexcmds.sty
Package: etexcmds 2016/05/16 v1.6 Avoid name clashes with e-TeX commands (HO)
Package etexcmds Info: Could not find \expanded.
(etexcmds)             That can mean that you are not using pdfTeX 1.50 or
(etexcmds)             that some package has redefined \expanded.
(etexcmds)             In the latter case, load this package earlier.
)))
Package epstopdf-base Info: Redefining graphics rule for `.eps' on input line 4
38.
Package grfext Info: Graphics extension search list:
(grfext)             [.png,.pdf,.jpg,.mps,.jpeg,.jbig2,.jb2,.PNG,.PDF,.JPG,.JPE
G,.JBIG2,.JB2,.eps]
(grfext)             \AppendGraphicsExtensions on input line 456.

(/usr/local/texlive/2017/texmf-dist/tex/latex/latexconfig/epstopdf-sys.cfg
File: epstopdf-sys.cfg 2010/07/13 v1.3 Configuration of (r)epstopdf for TeX Liv
e
))
LaTeX Font Info:    Font shape `OT1/ptm/bx/n' in size <10.95> not available
(Font)              Font shape `OT1/ptm/b/n' tried instead on input line 32.
LaTeX Font Info:    Font shape `OT1/ptm/bx/it' in size <10.95> not available
(Font)              Font shape `OT1/ptm/b/it' tried instead on input line 32.
LaTeX Font Info:    Font shape `OT1/ptm/bx/n' in size <12> not available
(Font)              Font shape `OT1/ptm/b/n' tried instead on input line 38.
LaTeX Font Info:    Font shape `OT1/ptm/bx/it' in size <12> not available
(Font)              Font shape `OT1/ptm/b/it' tried instead on input line 38.

Underfull \hbox (badness 10000) in paragraph at lines 67--71

 []

[1

{/usr/local/texlive/2017/texmf-var/fonts/map/pdftex/updmap/pdftex.map}]
[2]
LaTeX Font Info:    External font `cmex10' loaded for size
(Font)              <12> on input line 104.
LaTeX Font Info:    External font `cmex10' loaded for size
(Font)              <8> on input line 104.
LaTeX Font Info:    External font `cmex10' loaded for size
(Font)              <6> on input line 104.

Underfull \hbox (badness 10000) in paragraph at lines 107--107
[]\OT1/ptm/m/it/12 @Lithobolos @Po-lit-i-calAnt @Za-ibat-
 []

Missing character: There is no â in font ptmri7t!
Missing character: There is no € in font ptmri7t!
Missing character: There is no ™ in font ptmri7t!

Overfull \hbox (40.92815pt too wide) in paragraph at lines 103--112
 []|  [] 
 []

[3]
Underfull \hbox (badness 10000) in paragraph at lines 150--150
\OT1/ptm/m/n/12 (weighted
 []


Overfull \hbox (48.47491pt too wide) in paragraph at lines 145--153
 []|  [] 
 []

LaTeX Font Info:    External font `cmex10' loaded for size
(Font)              <7> on input line 155.
LaTeX Font Info:    External font `cmex10' loaded for size
(Font)              <5> on input line 155.
[4] [5] [6]
Overfull \hbox (0.2368pt too wide) in paragraph at lines 214--215
[]\OT1/ptm/m/n/12 Traditional Ma-chine Learn-ing mod-els re-quire fixed length 
nu-mer-i-cal vec-tors as in-puts. There-
 []

LaTeX Font Info:    Try loading font information for OMS+ptm on input line 219.

(/usr/local/texlive/2017/texmf-dist/tex/latex/psnfss/omsptm.fd
File: omsptm.fd 
)
LaTeX Font Info:    Font shape `OMS/ptm/m/n' in size <12> not available
(Font)              Font shape `OMS/cmsy/m/n' tried instead on input line 219.
 [7]
<"dixon_length graph".png, id=31, 569.12625pt x 416.55624pt>
File: "dixon_length graph".png Graphic file (type png)

<use "dixon_length graph".png>
Package pdftex.def Info: "dixon_length graph".png used on input line 256.
(pdftex.def)             Requested size: 166.00775pt x 121.50374pt.

<"twitter_length graph".png, id=33, 551.05875pt x 417.56pt>
File: "twitter_length graph".png Graphic file (type png)

<use "twitter_length graph".png>
Package pdftex.def Info: "twitter_length graph".png used on input line 257.
(pdftex.def)             Requested size: 166.00775pt x 125.79141pt.


LaTeX Warning: File `"tweets_16K_length graph.png' not found on input line 258.


<"tweets_16K_length graph.png, id=34, 561.09625pt x 417.56pt>
File: "tweets_16K_length graph.png Graphic file (type png)

<use "tweets_16K_length graph.png>
Package pdftex.def Info: "tweets_16K_length graph.png used on input line 258.
(pdftex.def)             Requested size: 166.00775pt x 123.53592pt.
 [8] [9 <./dixon_length graph.png> <./twitter_length graph.png> <./tweets_16K_l
ength graph.png>]
<RNN.png, id=47, 280.04625pt x 222.8325pt>
File: RNN.png Graphic file (type png)
 <use RNN.png>
Package pdftex.def Info: RNN.png used on input line 288.
(pdftex.def)             Requested size: 207.50793pt x 165.12128pt.

Overfull \hbox (23.058pt too wide) in paragraph at lines 288--291
[][]
 []


Underfull \hbox (badness 1701) in paragraph at lines 300--301
[]\OT1/ptm/m/n/12 Specificaly, Long-Short Term Mem-ory (LSTM)
 []

[10 <./RNN.png>] <"multichannel".png, id=52, 563.10374pt x 225.84375pt>
File: "multichannel".png Graphic file (type png)

<use "multichannel".png>
Package pdftex.def Info: "multichannel".png used on input line 322.
(pdftex.def)             Requested size: 426.79134pt x 171.17435pt.
 [11 <./multichannel.png>]
Overfull \hbox (1.89436pt too wide) in paragraph at lines 339--340
[]\OT1/ptm/b/n/12 Batch Nor-mal-iza-tion --- \OT1/ptm/m/n/12 The layer where Ba
tch Nor-mal-iza-tion is ap-plied is reparametrized
 []

[12] <"1K-LSTM32 graph".png, id=60, 462.528pt x 346.896pt>
File: "1K-LSTM32 graph".png Graphic file (type png)

<use "1K-LSTM32 graph".png>
Package pdftex.def Info: "1K-LSTM32 graph".png used on input line 391.
(pdftex.def)             Requested size: 284.52756pt x 213.40593pt.
 [13]
Overfull \hbox (21.01086pt too wide) in paragraph at lines 404--419
 []|  [] 
 []


Underfull \hbox (badness 10000) in paragraph at lines 421--422

 []


Overfull \hbox (21.01085pt too wide) in paragraph at lines 430--445
 []|  [] 
 []

[14 <./1K-LSTM32 graph.png>]
Overfull \hbox (21.01085pt too wide) in paragraph at lines 452--467
 []|  [] 
 []


Overfull \hbox (38.08269pt too wide) in paragraph at lines 482--498
 []|  [] 
 []

[15] (./projectpaper.bbl
Underfull \hbox (badness 10000) in paragraph at lines 22--26
[]| | \OT1/ptm/m/n/12 Dixon, E. (2018), Au-toma-tion and ha-rass-ment de-tec-ti
on.
 []


Underfull \hbox (badness 5217) in paragraph at lines 32--36
[]| | \OT1/ptm/m/n/12 Good-fel-low, I., Ben-gio, Y. & Courville, A. (2016), \OT
1/ptm/m/it/12 Deep Learn-ing\OT1/ptm/m/n/12 , MIT Press.
 []

[16]) [17] (./projectpaper.aux) ) 
Here is how much of TeX's memory you used:
 2082 strings out of 492995
 29915 string characters out of 6132704
 101353 words of memory out of 5000000
 5591 multiletter control sequences out of 15000+600000
 22973 words of font info for 44 fonts, out of 8000000 for 9000
 1141 hyphenation exceptions out of 8191
 39i,10n,25p,953b,235s stack positions out of 5000i,500n,10000p,200000b,80000s
{/usr/local/texlive/2017/texmf-dist/fonts/enc/
dvips/base/8r.enc}</usr/local/texlive/2017/texmf-dist/fonts/type1/public/amsfon
ts/cm/cmmi12.pfb></usr/local/texlive/2017/texmf-dist/fonts/type1/public/amsfont
s/cm/cmmi8.pfb></usr/local/texlive/2017/texmf-dist/fonts/type1/public/amsfonts/
cm/cmr12.pfb></usr/local/texlive/2017/texmf-dist/fonts/type1/public/amsfonts/cm
/cmr8.pfb></usr/local/texlive/2017/texmf-dist/fonts/type1/public/amsfonts/cm/cm
sy10.pfb></usr/local/texlive/2017/texmf-dist/fonts/type1/urw/times/utmb8a.pfb><
/usr/local/texlive/2017/texmf-dist/fonts/type1/urw/times/utmbi8a.pfb></usr/loca
l/texlive/2017/texmf-dist/fonts/type1/urw/times/utmr8a.pfb></usr/local/texlive/
2017/texmf-dist/fonts/type1/urw/times/utmri8a.pfb>
Output written on projectpaper.pdf (17 pages, 403340 bytes).
PDF statistics:
 109 PDF objects out of 1000 (max. 8388607)
 68 compressed objects within 1 object stream
 0 named destinations out of 1000 (max. 500000)
 31 words of extra memory for PDF output out of 10000 (max. 10000000)

